<?xml version="1.0" encoding="UTF-8"?>
<!-- Generated by org.testng.reporters.JUnitReportReporter -->
<testsuite hostname="DESKTOP-UVU5C3P" failures="0" tests="1" name="com.tutorialsninja.qa.TestCases.AddToCartTest" time="15.947" errors="0" timestamp="2024-01-11T11:12:18 EST" skipped="0">
  <testcase classname="com.tutorialsninja.qa.TestCases.AddToCartTest" name="checkingOutValidProduct" time="15.947"/>
</testsuite> <!-- com.tutorialsninja.qa.TestCases.AddToCartTest -->
