<?xml version="1.0" encoding="UTF-8"?>
<!-- Generated by org.testng.reporters.JUnitReportReporter -->
<testsuite hostname="DESKTOP-UVU5C3P" failures="0" tests="5" name="com.tutorialsninja.qa.TestCases.RegisterTest" time="35.494" errors="0" timestamp="2024-01-11T11:12:18 EST" skipped="0">
  <testcase classname="com.tutorialsninja.qa.TestCases.RegisterTest" name="verifyingRegisterWithMandatoryFields" time="7.373"/>
  <testcase classname="com.tutorialsninja.qa.TestCases.RegisterTest" name="verifyingRegisterWithAllFields" time="6.928"/>
  <testcase classname="com.tutorialsninja.qa.TestCases.RegisterTest" name="verifyingRegisterWithExistingEmail" time="7.972"/>
  <testcase classname="com.tutorialsninja.qa.TestCases.RegisterTest" name="verifyingRegisterWithMismatchPassword" time="6.826"/>
  <testcase classname="com.tutorialsninja.qa.TestCases.RegisterTest" name="verifyingRegisterWithNoFields" time="6.395"/>
</testsuite> <!-- com.tutorialsninja.qa.TestCases.RegisterTest -->
